D:\GIT\KTU\L5\DEBUG\L5.EXE
D:\GIT\KTU\L5\DEBUG\L5.ILK
D:\GIT\KTU\L5\DEBUG\L5.PDB
D:\GIT\KTU\L5\L5\DEBUG\.NETFRAMEWORK,VERSION=V4.0.ASSEMBLYATTRIBUTES.OBJ
D:\GIT\KTU\L5\L5\DEBUG\APP.RES
D:\GIT\KTU\L5\L5\DEBUG\ASSEMBLYINFO.OBJ
D:\GIT\KTU\L5\L5\Debug\cl.command.1.tlog
D:\GIT\KTU\L5\L5\Debug\CL.read.1.tlog
D:\GIT\KTU\L5\L5\Debug\CL.write.1.tlog
D:\GIT\KTU\L5\L5\DEBUG\L5.EXE.INTERMEDIATE.MANIFEST
D:\GIT\KTU\L5\L5\Debug\L5.Form1.resources
D:\GIT\KTU\L5\L5\DEBUG\L5.OBJ
D:\GIT\KTU\L5\L5\DEBUG\L5.PCH
D:\GIT\KTU\L5\L5\Debug\L5.vcxproj.GenerateResource.Cache
D:\GIT\KTU\L5\L5\Debug\L5.write.1.tlog
D:\GIT\KTU\L5\L5\Debug\link.5216.read.1.tlog
D:\GIT\KTU\L5\L5\Debug\link.5216.write.1.tlog
D:\GIT\KTU\L5\L5\Debug\link.5216-cvtres.read.1.tlog
D:\GIT\KTU\L5\L5\Debug\link.5216-cvtres.write.1.tlog
D:\GIT\KTU\L5\L5\Debug\link.command.1.tlog
D:\GIT\KTU\L5\L5\Debug\link.read.1.tlog
D:\GIT\KTU\L5\L5\Debug\link.write.1.tlog
D:\GIT\KTU\L5\L5\Debug\metagen.read.1.tlog
D:\GIT\KTU\L5\L5\Debug\metagen.write.1.tlog
D:\GIT\KTU\L5\L5\Debug\mt.command.1.tlog
D:\GIT\KTU\L5\L5\Debug\mt.read.1.tlog
D:\GIT\KTU\L5\L5\Debug\mt.write.1.tlog
D:\GIT\KTU\L5\L5\Debug\rc.command.1.tlog
D:\GIT\KTU\L5\L5\Debug\rc.read.1.tlog
D:\GIT\KTU\L5\L5\Debug\rc.write.1.tlog
D:\GIT\KTU\L5\L5\Debug\RSAENH.DLL.bi
D:\GIT\KTU\L5\L5\DEBUG\STDAFX.OBJ
D:\GIT\KTU\L5\L5\Debug\TZRES.DLL.bi
D:\GIT\KTU\L5\L5\DEBUG\VC110.PDB
